<?xml version="1.0" encoding="UTF-8"?>
<!-- Generated by org.testng.reporters.JUnitReportReporter -->
<testsuite hostname="LAPTOP-49M6U0LE" failures="0" tests="8" name="org.output.Login" time="11.915" errors="0" timestamp="2024-06-17T15:19:44 IST" skipped="0">
  <testcase classname="org.output.Login" name="login" time="3.592"/>
  <testcase classname="org.output.Login" name="stateList" time="1.160"/>
  <testcase classname="org.output.Login" name="cityList" time="1.358"/>
  <testcase classname="org.output.Login" name="addUserAddress" time="1.219"/>
  <testcase classname="org.output.Login" name="updateUserAddress" time="1.098"/>
  <testcase classname="org.output.Login" name="getUserAddress" time="1.287"/>
  <testcase classname="org.output.Login" name="deleteAddress" time="1.107"/>
  <testcase classname="org.output.Login" name="searchProduct" time="1.094"/>
</testsuite> <!-- org.output.Login -->
